<?xml version="1.0" encoding="UTF-8"?>
<testsuite name="StringCalculatorTest" tests="1" skipped="0" failures="0" errors="0" timestamp="2020-03-30T08:07:43" hostname="umuzi-admin" time="0.002">
  <properties/>
  <testcase name="AddThatIgnoreIntegerGreaterOrEquals1000" classname="StringCalculatorTest" time="0.002"/>
  <system-out><![CDATA[]]></system-out>
  <system-err><![CDATA[]]></system-err>
</testsuite>
